<?xml version="1.0" encoding="UTF-8"?>
<testng-results ignored="0" total="1" passed="1" failed="0" skipped="0">
  <reporter-output>
  </reporter-output>
  <suite started-at="2023-10-27T20:59:47 IST" name="Default suite" finished-at="2023-10-27T20:59:57 IST" duration-ms="9624">
    <groups>
    </groups>
    <test started-at="2023-10-27T20:59:47 IST" name="Default test" finished-at="2023-10-27T20:59:57 IST" duration-ms="9624">
      <class name="framework.base_classfb">
        <test-method signature="run()[pri:0, instance:framework.base_classfb@290222c1]" started-at="2023-10-27T20:59:47 IST" name="run" finished-at="2023-10-27T20:59:57 IST" duration-ms="9509" status="PASS">
          <reporter-output>
          </reporter-output>
        </test-method> <!-- run -->
      </class> <!-- framework.base_classfb -->
    </test> <!-- Default test -->
  </suite> <!-- Default suite -->
</testng-results>
